orlis/open_source_benchmarks/apps/com.numguesser.tonio_rpchp.numberguesser_3_src.tar.gz/app/build/outputs/mapping/release/seeds.txt
com.numguesser.tonio_rpchp.numberguesser.BuildConfig
com.numguesser.tonio_rpchp.numberguesser.BuildConfig: BuildConfig()
com.numguesser.tonio_rpchp.numberguesser.Guesser
com.numguesser.tonio_rpchp.numberguesser.Guesser: Guesser()
com.numguesser.tonio_rpchp.numberguesser.Guesser: void onCreate(android.os.Bundle)
com.numguesser.tonio_rpchp.numberguesser.Guesser: void Alert(java.lang.String,java.lang.String)
com.numguesser.tonio_rpchp.numberguesser.Guesser$1
com.numguesser.tonio_rpchp.numberguesser.Guesser$1: Guesser$1(com.numguesser.tonio_rpchp.numberguesser.Guesser,android.widget.EditText,android.widget.TextView)
com.numguesser.tonio_rpchp.numberguesser.Guesser$1: void onClick(android.view.View)
com.numguesser.tonio_rpchp.numberguesser.Guesser$2
com.numguesser.tonio_rpchp.numberguesser.Guesser$2: Guesser$2(com.numguesser.tonio_rpchp.numberguesser.Guesser)
com.numguesser.tonio_rpchp.numberguesser.Guesser$2: void onClick(android.content.DialogInterface,int)
com.numguesser.tonio_rpchp.numberguesser.Guesser$3
com.numguesser.tonio_rpchp.numberguesser.Guesser$3: Guesser$3(com.numguesser.tonio_rpchp.numberguesser.Guesser)
com.numguesser.tonio_rpchp.numberguesser.Guesser$3: void onClick(android.content.DialogInterface,int)
com.numguesser.tonio_rpchp.numberguesser.R
com.numguesser.tonio_rpchp.numberguesser.R: R()
com.numguesser.tonio_rpchp.numberguesser.R$anim
com.numguesser.tonio_rpchp.numberguesser.R$anim: int abc_fade_in
com.numguesser.tonio_rpchp.numberguesser.R$anim: int abc_fade_out
com.numguesser.tonio_rpchp.numberguesser.R$anim: int abc_slide_in_bottom
com.numguesser.tonio_rpchp.numberguesser.R$anim: int abc_slide_in_top
com.numguesser.tonio_rpchp.numberguesser.R$anim: int abc_slide_out_bottom
com.numguesser.tonio_rpchp.numberguesser.R$anim: int abc_slide_out_top
com.numguesser.tonio_rpchp.numberguesser.R$anim: R$anim()
com.numguesser.tonio_rpchp.numberguesser.R$attr
com.numguesser.tonio_rpchp.numberguesser.R$attr: int actionBarDivider
com.numguesser.tonio_rpchp.numberguesser.R$attr: int actionBarItemBackground
com.numguesser.tonio_rpchp.numberguesser.R$attr: int actionBarSize
com.numguesser.tonio_rpchp.numberguesser.R$attr: int actionBarSplitStyle
com.numguesser.tonio_rpchp.numberguesser.R$attr: int actionBarStyle
com.numguesser.tonio_rpchp.numberguesser.R$attr: int actionBarTabBarStyle
com.numguesser.tonio_rpchp.numberguesser.R$attr: int actionBarTabStyle
com.numguesser.tonio_rpchp.numberguesser.R$attr: int actionBarTabTextStyle
com.numguesser.tonio_rpchp.numberguesser.R$attr: int actionBarWidgetTheme
com.numguesser.tonio_rpchp.numberguesser.R$attr: int actionButtonStyle
com.numguesser.tonio_rpchp.numberguesser.R$attr: int actionDropDownStyle
com.numguesser.tonio_rpchp.numberguesser.R$attr: int actionLayout
com.numguesser.tonio_rpchp.numberguesser.R$attr: int actionMenuTextAppearance
com.numguesser.tonio_rpchp.numberguesser.R$attr: int actionMenuTextColor
com.numguesser.tonio_rpchp.numberguesser.R$attr: int actionModeBackground
com.numguesser.tonio_rpchp.numberguesser.R$attr: int actionModeCloseButtonStyle
com.numguesser.tonio_rpchp.numberguesser.R$attr: int actionModeCloseDrawable
com.numguesser.tonio_rpchp.numberguesser.R$attr: int actionModeCopyDrawable
com.numguesser.tonio_rpchp.numberguesser.R$attr: int actionModeCutDrawable
com.numguesser.tonio_rpchp.numberguesser.R$bool
com.numguesser.tonio_rpchp.numberguesser.R$bool: int abc_action_bar_embed_tabs_pre_jb
com.numguesser.tonio_rpchp.numberguesser.R$bool: int abc_action_bar_expanded_action_views_exclusive
com.numguesser.tonio_rpchp.numberguesser.R$bool: int abc_config_actionMenuItemAllCaps
com.numguesser.tonio_rpchp.numberguesser.R$bool: int abc_config_allowActionMenuItemTextWithIcon
com.numguesser.tonio_rpchp.numberguesser.R$bool: int abc_config_showMenuShortcutsWhenKeyboardPresent
com.numguesser.tonio_rpchp.numberguesser.R$bool: int abc_split_action_bar_is_narrow
com.numguesser.tonio_rpchp.numberguesser.R$bool: R$bool()
...
android.support.v4.app.NavUtils$NavUtilsImplBase
android.support.v4.app.NavUtils$NavUtilsImplBase: NavUtils$NavUtilsImplBase()
android.support.v4.app.NavUtils$NavUtilsImplBase: android.content.Intent getParentActivityIntent(android.app.Activity)
android.support.v4.app.NavUtils$NavUtilsImplBase: boolean shouldUpRecreateTask(android.app.Activity,android.content.Intent)
android.support.v4.app.NavUtils$NavUtilsImplBase: void navigateUpTo(android.app.Activity,android.content.Intent)
android.support.v4.app.NavUtils$NavUtilsImplBase: java.lang.String getParentActivityName(android.content.Context,android.content.pm.ActivityInfo)
android.support.v4.app.NavUtils$NavUtilsImplJB
android.support.v4.app.NavUtils$NavUtilsImplJB: NavUtils$NavUtilsImplJB()
android.support.v4.app.NavUtils$NavUtilsImplJB: android.content.Intent getParentActivityIntent(android.app.Activity)
android.support.v4.app.NavUtils$NavUtilsImplJB: android.content.Intent superGetParentActivityIntent(android.app.Activity)
android.support.v4.app.NavUtils$NavUtilsImplJB: boolean shouldUpRecreateTask(android.app.Activity,android.content.Intent)
android.support.v4.app.NavUtils$NavUtilsImplJB: void navigateUpTo(android.app.Activity,android.content.Intent)
android.support.v4.app.NavUtils$NavUtilsImplJB: java.lang.String getParentActivityName(android.content.Context,android.content.pm.ActivityInfo)
android.support.v4.app.NavUtilsJB
android.support.v4.app.NavUtilsJB: NavUtilsJB()
android.support.v4.app.NavUtilsJB: android.content.Intent getParentActivityIntent(android.app.Activity)
android.support.v4.app.NavUtilsJB: boolean shouldUpRecreateTask(android.app.Activity,android.content.Intent)
android.support.v4.app.NavUtilsJB: void navigateUpTo(android.app.Activity,android.content.Intent)
android.support.v4.app.NavUtilsJB: java.lang.String getParentActivityName(android.content.pm.ActivityInfo)
android.support.v4.app.NoSaveStateFrameLayout
android.support.v4.app.NoSaveStateFrameLayout: android.view.ViewGroup wrap(android.view.View)
android.support.v4.app.NoSaveStateFrameLayout: NoSaveStateFrameLayout(android.content.Context)
android.support.v4.app.NoSaveStateFrameLayout: void dispatchSaveInstanceState(android.util.SparseArray)
android.support.v4.app.NoSaveStateFrameLayout: void dispatchRestoreInstanceState(android.util.SparseArray)
android.support.v4.app.NotificationBuilderWithActions
android.support.v4.app.NotificationBuilderWithActions: void addAction(android.support.v4.app.NotificationCompatBase$Action)
android.support.v4.app.NotificationBuilderWithBuilderAccessor
android.support.v4.app.NotificationBuilderWithBuilderAccessor: android.app.Notification$Builder getBuilder()