orlis/open_source_benchmarks/apps/com.numguesser.tonio_rpchp.numberguesser_3_src.tar.gz/app/build/outputs/mapping/release/mapping.txt
com.numguesser.tonio_rpchp.numberguesser.Guesser -> com.numguesser.tonio_rpchp.numberguesser.Guesser:
    int attempt -> a
    java.util.Random rand_num -> b
    int rnd -> c
    void <init>() -> <init>
    void onCreate(android.os.Bundle) -> onCreate
    void Alert(java.lang.String,java.lang.String) -> Alert
com.numguesser.tonio_rpchp.numberguesser.Guesser$1 -> com.numguesser.tonio_rpchp.numberguesser.Guesser$1:
    android.widget.EditText val$number_txt -> a
    android.widget.TextView val$tries_label -> b
    com.numguesser.tonio_rpchp.numberguesser.Guesser this$0 -> c
    void <init>(com.numguesser.tonio_rpchp.numberguesser.Guesser,android.widget.EditText,android.widget.TextView) -> <init>
    void onClick(android.view.View) -> onClick
com.numguesser.tonio_rpchp.numberguesser.Guesser$2 -> com.numguesser.tonio_rpchp.numberguesser.Guesser$2:
    com.numguesser.tonio_rpchp.numberguesser.Guesser this$0 -> a
    void <init>(com.numguesser.tonio_rpchp.numberguesser.Guesser) -> <init>
    void onClick(android.content.DialogInterface,int) -> onClick
com.numguesser.tonio_rpchp.numberguesser.Guesser$3 -> com.numguesser.tonio_rpchp.numberguesser.Guesser$3:
    com.numguesser.tonio_rpchp.numberguesser.Guesser this$0 -> a
    void <init>(com.numguesser.tonio_rpchp.numberguesser.Guesser) -> <init>
    void onClick(android.content.DialogInterface,int) -> onClick
...
android.support.v7.internal.widget.AdapterViewICS$OnItemClickListener -> android.support.v7.internal.widget.AdapterViewICS$OnItemClickListener:
    void onItemClick(android.support.v7.internal.widget.AdapterViewICS,android.view.View,int,long) -> onItemClick
android.support.v7.internal.widget.AdapterViewICS$OnItemClickListenerWrapper -> android.support.v7.internal.widget.AdapterViewICS$OnItemClickListenerWrapper:
    android.support.v7.internal.widget.AdapterViewICS$OnItemClickListener mWrappedListener -> b
    android.support.v7.internal.widget.AdapterViewICS this$0 -> a
    void <init>(android.support.v7.internal.widget.AdapterViewICS,android.support.v7.internal.widget.AdapterViewICS$OnItemClickListener) -> <init>
    void onItemClick(android.widget.AdapterView,android.view.View,int,long) -> onItemClick
android.support.v7.internal.widget.AdapterViewICS$OnItemSelectedListener -> android.support.v7.internal.widget.AdapterViewICS$OnItemSelectedListener:
    void onItemSelected(android.support.v7.internal.widget.AdapterViewICS,android.view.View,int,long) -> onItemSelected
    void onNothingSelected(android.support.v7.internal.widget.AdapterViewICS) -> onNothingSelected
android.support.v7.internal.widget.AdapterViewICS$SelectionNotifier -> android.support.v7.internal.widget.AdapterViewICS$SelectionNotifier:
    android.support.v7.internal.widget.AdapterViewICS this$0 -> a
    void <init>(android.support.v7.internal.widget.AdapterViewICS) -> <init>
    void run() -> run
    void <init>(android.support.v7.internal.widget.AdapterViewICS,android.support.v7.internal.widget.AdapterViewICS$1) -> <init>
android.support.v7.internal.widget.CompatTextView -> android.support.v7.internal.widget.CompatTextView:
    void <init>(android.content.Context) -> <init>
    void <init>(android.content.Context,android.util.AttributeSet) -> <init>
    void <init>(android.content.Context,android.util.AttributeSet,int) -> <init>
android.support.v7.internal.widget.CompatTextView$AllCapsTransformationMethod -> android.support.v7.internal.widget.CompatTextView$AllCapsTransformationMethod:
    java.util.Locale mLocale -> a
    void <init>(android.content.Context) -> <init>
    java.lang.CharSequence getTransformation(java.lang.CharSequence,android.view.View) -> getTransformation
    void onFocusChanged(android.view.View,java.lang.CharSequence,boolean,int,android.graphics.Rect) -> onFocusChanged
android.support.v7.internal.widget.LinearLayoutICS -> android.support.v7.internal.widget.LinearLayoutICS:
    android.graphics.drawable.Drawable mDivider -> a
    int mDividerWidth -> b
    int mDividerHeight -> c
    int mShowDividers -> d
    int mDividerPadding -> e
    void <init>(android.content.Context,android.util.AttributeSet) -> <init>
    int getSupportDividerWidth() -> getSupportDividerWidth
    void onDraw(android.graphics.Canvas) -> onDraw
    void measureChildWithMargins(android.view.View,int,int,int,int) -> measureChildWithMargins
    void drawSupportDividersVertical(android.graphics.Canvas) -> drawSupportDividersVertical
    void drawSupportDividersHorizontal(android.graphics.Canvas) -> drawSupportDividersHorizontal
    void drawSupportHorizontalDivider(android.graphics.Canvas,int) -> drawSupportHorizontalDivider
    void drawSupportVerticalDivider(android.graphics.Canvas,int) -> drawSupportVerticalDivider
    boolean hasSupportDividerBeforeChildAt(int) -> hasSupportDividerBeforeChildAt