orlis/open_source_benchmarks/apps/com.numguesser.tonio_rpchp.numberguesser_3_src.tar.gz/app/build/outputs/mapping/release/usage.txt
com.numguesser.tonio_rpchp.numberguesser.BuildConfig
com.numguesser.tonio_rpchp.numberguesser.R
com.numguesser.tonio_rpchp.numberguesser.R$anim
com.numguesser.tonio_rpchp.numberguesser.R$attr
com.numguesser.tonio_rpchp.numberguesser.R$bool
com.numguesser.tonio_rpchp.numberguesser.R$color
com.numguesser.tonio_rpchp.numberguesser.R$dimen
com.numguesser.tonio_rpchp.numberguesser.R$drawable
com.numguesser.tonio_rpchp.numberguesser.R$id
com.numguesser.tonio_rpchp.numberguesser.R$integer
com.numguesser.tonio_rpchp.numberguesser.R$layout
com.numguesser.tonio_rpchp.numberguesser.R$menu
com.numguesser.tonio_rpchp.numberguesser.R$string
com.numguesser.tonio_rpchp.numberguesser.R$style
com.numguesser.tonio_rpchp.numberguesser.R$styleable
...
android.support.v4.print.PrintHelperKitkat$2
android.support.v4.print.PrintHelperKitkat$2$1
android.support.v4.print.PrintHelperKitkat$2$1$1
android.support.v4.text.BidiFormatter
android.support.v4.text.BidiFormatter$1
android.support.v4.text.BidiFormatter$Builder
android.support.v4.text.BidiFormatter$DirectionalityEstimator
android.support.v4.text.ICUCompat
android.support.v4.text.ICUCompat$ICUCompatImpl
android.support.v4.text.ICUCompat$ICUCompatImplBase
android.support.v4.text.ICUCompat$ICUCompatImplIcs
android.support.v4.text.ICUCompatIcs
android.support.v4.text.TextDirectionHeuristicCompat
android.support.v4.text.TextDirectionHeuristicsCompat
android.support.v4.text.TextDirectionHeuristicsCompat$1
android.support.v4.text.TextDirectionHeuristicsCompat$AnyStrong
android.support.v4.text.TextDirectionHeuristicsCompat$FirstStrong
android.support.v4.text.TextDirectionHeuristicsCompat$TextDirectionAlgorithm
android.support.v4.text.TextDirectionHeuristicsCompat$TextDirectionHeuristicImpl
android.support.v4.text.TextDirectionHeuristicsCompat$TextDirectionHeuristicInternal
android.support.v4.text.TextDirectionHeuristicsCompat$TextDirectionHeuristicLocale
android.support.v4.text.TextUtilsCompat
android.support.v4.util.ArrayMap
android.support.v4.util.ArrayMap$1
android.support.v4.util.AtomicFile
android.support.v4.util.CircularArray
android.support.v4.util.ContainerHelpers
android.support.v4.util.DebugUtils
android.support.v4.util.LogWriter
android.support.v4.util.LongSparseArray
android.support.v4.util.LruCache
android.support.v4.util.MapCollections
android.support.v4.util.MapCollections$ArrayIterator
android.support.v4.util.MapCollections$EntrySet
android.support.v4.util.MapCollections$KeySet
android.support.v4.util.MapCollections$MapIterator
android.support.v4.util.MapCollections$ValuesCollection
android.support.v4.util.Pools
android.support.v4.util.Pools$Pool
android.support.v4.util.Pools$SimplePool
android.support.v4.util.Pools$SynchronizedPool
android.support.v4.util.SimpleArrayMap
android.support.v4.util.SparseArrayCompat
android.support.v4.util.TimeUtils
android.support.v4.view.AccessibilityDelegateCompat
android.support.v4.view.AccessibilityDelegateCompat$AccessibilityDelegateIcsImpl
android.support.v4.view.AccessibilityDelegateCompat$AccessibilityDelegateIcsImpl$1
android.support.v4.view.AccessibilityDelegateCompat$AccessibilityDelegateImpl
android.support.v4.view.AccessibilityDelegateCompat$AccessibilityDelegateJellyBeanImpl
android.support.v4.view.AccessibilityDelegateCompat$AccessibilityDelegateJellyBeanImpl$1
android.support.v4.view.AccessibilityDelegateCompat$AccessibilityDelegateStubImpl
android.support.v4.view.AccessibilityDelegateCompatIcs
android.support.v4.view.AccessibilityDelegateCompatIcs$1
android.support.v4.view.AccessibilityDelegateCompatIcs$AccessibilityDelegateBridge
android.support.v4.view.AccessibilityDelegateCompatJellyBean
android.support.v4.view.AccessibilityDelegateCompatJellyBean$1
android.support.v4.view.AccessibilityDelegateCompatJellyBean$AccessibilityDelegateBridgeJellyBean
android.support.v4.view.ActionProvider:
    private static final java.lang.String TAG
    private final android.content.Context mContext
    private android.support.v4.view.ActionProvider$VisibilityListener mVisibilityListener
    78:80:public ActionProvider(android.content.Context)
    86:86:public android.content.Context getContext()
    145:148:public void refreshVisibility()
    217:220:public void subUiVisibilityChanged(boolean)
    236:242:public void setVisibilityListener(android.support.v4.view.ActionProvider$VisibilityListener)
android.support.v4.view.ActionProvider$SubUiVisibilityListener:
    public abstract void onSubUiVisibilityChanged(boolean)
android.support.v4.view.ActionProvider$VisibilityListener
android.support.v4.view.GestureDetectorCompat
android.support.v4.view.GestureDetectorCompat$GestureDetectorCompatImpl
android.support.v4.view.GestureDetectorCompat$GestureDetectorCompatImplBase